Using pre-set license
Built from '2020.3/release' branch; Version is '2020.3.15f2 (6cf78cb77498) revision 7141260'; Using compiler version '192528614'; Build Type 'Release'
OS: 'Windows 10 Home; OS build 22000.675; Version 2009; 64bit' Language: 'en' Physical Memory: 16134 MB
BatchMode: 1, IsHumanControllingUs: 0, StartBugReporterOnCrash: 0, Is64bit: 1, IsPro: 0

 COMMAND LINE ARGUMENTS:
C:\Program Files\Unity\Hub\Editor\2020.3.15f2\Editor\Unity.exe
-adb2
-batchMode
-noUpm
-name
AssetImportWorker0
-projectPath
C:/Users/crist/GitHub/Broadcast/Broadcast/Broadcast
-logFile
Logs/AssetImportWorker0.log
-srvPort
63583
Successfully changed project path to: C:/Users/crist/GitHub/Broadcast/Broadcast/Broadcast
C:/Users/crist/GitHub/Broadcast/Broadcast/Broadcast
Using Asset Import Pipeline V2.
Refreshing native plugins compatible for Editor in 123.04 ms, found 2 plugins.
Preloading 0 native plugins for Editor in 0.00 ms.
Initialize engine version: 2020.3.15f2 (6cf78cb77498)
[Subsystems] Discovering subsystems at path C:/Program Files/Unity/Hub/Editor/2020.3.15f2/Editor/Data/Resources/UnitySubsystems
[Subsystems] Discovering subsystems at path C:/Users/crist/GitHub/Broadcast/Broadcast/Broadcast/Assets
GfxDevice: creating device client; threaded=0
Direct3D:
    Version:  Direct3D 11.0 [level 11.1]
    Renderer: Intel(R) UHD Graphics (ID=0x9b41)
    Vendor:   
    VRAM:     8067 MB
    Driver:   27.20.100.9664
Shader 'Universal Render Pipeline/Particles/Lit': fallback shader 'Universal Render Pipeline/Particles/SimpleLit' not found
Initialize mono
Mono path[0] = 'C:/Program Files/Unity/Hub/Editor/2020.3.15f2/Editor/Data/Managed'
Mono path[1] = 'C:/Program Files/Unity/Hub/Editor/2020.3.15f2/Editor/Data/MonoBleedingEdge/lib/mono/unityjit'
Mono config path = 'C:/Program Files/Unity/Hub/Editor/2020.3.15f2/Editor/Data/MonoBleedingEdge/etc'
Using monoOptions --debugger-agent=transport=dt_socket,embedding=1,server=y,suspend=n,address=127.0.0.1:56396
Begin MonoManager ReloadAssembly
Registering precompiled unity dll's ...
Register platform support module: C:/Program Files/Unity/Hub/Editor/2020.3.15f2/Editor/Data/PlaybackEngines/WindowsStandaloneSupport/UnityEditor.WindowsStandalone.Extensions.dll
Registered in 0.002904 seconds.
Native extension for WindowsStandalone target not found
Refreshing native plugins compatible for Editor in 177.04 ms, found 2 plugins.
Preloading 0 native plugins for Editor in 0.00 ms.
Mono: successfully reloaded assembly
- Completed reload, in  2.145 seconds
Domain Reload Profiling:
	ReloadAssembly (2145ms)
		BeginReloadAssembly (79ms)
			ExecutionOrderSort (0ms)
			DisableScriptedObjects (0ms)
			BackupInstance (0ms)
			ReleaseScriptingObjects (0ms)
			CreateAndSetChildDomain (1ms)
		EndReloadAssembly (986ms)
			LoadAssemblies (77ms)
			RebuildTransferFunctionScriptingTraits (0ms)
			SetupTypeCache (335ms)
			ReleaseScriptCaches (0ms)
			RebuildScriptCaches (66ms)
			SetupLoadedEditorAssemblies (433ms)
				LogAssemblyErrors (0ms)
				InitializePlatformSupportModulesInManaged (8ms)
				SetLoadedEditorAssemblies (0ms)
				RefreshPlugins (177ms)
				BeforeProcessingInitializeOnLoad (23ms)
				ProcessInitializeOnLoadAttributes (169ms)
				ProcessInitializeOnLoadMethodAttributes (55ms)
				AfterProcessingInitializeOnLoad (0ms)
				EditorAssembliesLoaded (1ms)
			ExecutionOrderSort2 (0ms)
			AwakeInstancesAfterBackupRestoration (0ms)
Platform modules already initialized, skipping
Registering precompiled user dll's ...
Registered in 0.006727 seconds.
Begin MonoManager ReloadAssembly
Native extension for WindowsStandalone target not found
Refreshing native plugins compatible for Editor in 115.34 ms, found 2 plugins.
Preloading 0 native plugins for Editor in 0.00 ms.
Mono: successfully reloaded assembly
- Completed reload, in  2.626 seconds
Domain Reload Profiling:
	ReloadAssembly (2627ms)
		BeginReloadAssembly (241ms)
			ExecutionOrderSort (0ms)
			DisableScriptedObjects (8ms)
			BackupInstance (0ms)
			ReleaseScriptingObjects (0ms)
			CreateAndSetChildDomain (28ms)
		EndReloadAssembly (2289ms)
			LoadAssemblies (141ms)
			RebuildTransferFunctionScriptingTraits (0ms)
			SetupTypeCache (631ms)
			ReleaseScriptCaches (2ms)
			RebuildScriptCaches (125ms)
			SetupLoadedEditorAssemblies (1143ms)
				LogAssemblyErrors (0ms)
				InitializePlatformSupportModulesInManaged (7ms)
				SetLoadedEditorAssemblies (1ms)
				RefreshPlugins (115ms)
				BeforeProcessingInitializeOnLoad (166ms)
				ProcessInitializeOnLoadAttributes (837ms)
				ProcessInitializeOnLoadMethodAttributes (8ms)
				AfterProcessingInitializeOnLoad (7ms)
				EditorAssembliesLoaded (1ms)
			ExecutionOrderSort2 (0ms)
			AwakeInstancesAfterBackupRestoration (12ms)
Platform modules already initialized, skipping
========================================================================
Worker process is ready to serve import requests
Shader 'Universal Render Pipeline/Particles/Lit': fallback shader 'Universal Render Pipeline/Particles/SimpleLit' not found
Launched and connected shader compiler UnityShaderCompiler.exe after 0.06 seconds
Refreshing native plugins compatible for Editor in 1.16 ms, found 2 plugins.
Preloading 0 native plugins for Editor in 0.00 ms.
Unloading 3480 Unused Serialized files (Serialized files now loaded: 0)
System memory in use before: 177.6 MB.
System memory in use after: 175.6 MB.

Unloading 41 unused Assets to reduce memory usage. Loaded Objects now: 3913.
Total: 9.329400 ms (FindLiveObjects: 0.992300 ms CreateObjectMapping: 0.341300 ms MarkObjects: 5.175900 ms  DeleteObjects: 2.816500 ms)

AssetImportParameters requested are different than current active one (requested -> active):
  custom:framework-win-MediaFoundation: 216162199b28c13a410421893ffa2e32 -> 
  custom:video-decoder-ogg-theora: a1e56fd34408186e4bbccfd4996cb3dc -> 
  custom:container-muxer-webm: aa71ff27fc2769a1b78a27578f13a17b -> 
  custom:container-demuxer-webm: 4f35f7cbe854078d1ac9338744f61a02 -> 
  custom:container-demuxer-ogg: 62fdf1f143b41e24485cea50d1cbac27 -> 
  custom:video-encoder-webm-vp8: eb34c28f22e8b96e1ab97ce403110664 -> 
  custom:video-codec-MediaFoundation-h265: 746d11721c4dcdbdad8f713fa42b33f4 -> 
  custom:video-decoder-webm-vp8: 9c59270c3fd7afecdb556c50c9e8de78 -> 
  custom:audio-decoder-ogg-vorbis: bf7c407c2cedff20999df2af8eb42d56 -> 
  custom:audio-encoder-webm-vorbis: bf7c407c2cedff20999df2af8eb42d56 -> 
========================================================================
Received Import Request.
  path: Assets/New Terrain.asset
  artifactKey: Guid(f344d2e11fb15b747813fd6302899f92) Importer(815301076,1909f56bfc062723c751e8b465ee728b)
Start importing Assets/New Terrain.asset using Guid(f344d2e11fb15b747813fd6302899f92) Importer(815301076,1909f56bfc062723c751e8b465ee728b)  -> (artifact id: '2c53563156e1b4b9f236f9b7ca84aada') in 0.078783 seconds 
  Import took 0.089909 seconds .

========================================================================
Received Import Request.
  Time since last request: 0.000497 seconds.
  path: Assets/Readme.asset
  artifactKey: Guid(83c2ed844a8c74b779a4c823d16594b1) Importer(815301076,1909f56bfc062723c751e8b465ee728b)
Start importing Assets/Readme.asset using Guid(83c2ed844a8c74b779a4c823d16594b1) Importer(815301076,1909f56bfc062723c751e8b465ee728b)  -> (artifact id: '8ffd2c44ffeb50c574abb5d0c4453328') in 0.006708 seconds 
  Import took 0.015489 seconds .

========================================================================
Received Prepare
Registering precompiled user dll's ...
Registered in 0.012967 seconds.
Begin MonoManager ReloadAssembly
Native extension for WindowsStandalone target not found
Refreshing native plugins compatible for Editor in 1.82 ms, found 2 plugins.
Preloading 0 native plugins for Editor in 0.00 ms.
Mono: successfully reloaded assembly
- Completed reload, in  2.905 seconds
Domain Reload Profiling:
	ReloadAssembly (2907ms)
		BeginReloadAssembly (225ms)
			ExecutionOrderSort (0ms)
			DisableScriptedObjects (8ms)
			BackupInstance (0ms)
			ReleaseScriptingObjects (0ms)
			CreateAndSetChildDomain (65ms)
		EndReloadAssembly (2549ms)
			LoadAssemblies (181ms)
			RebuildTransferFunctionScriptingTraits (0ms)
			SetupTypeCache (695ms)
			ReleaseScriptCaches (5ms)
			RebuildScriptCaches (132ms)
			SetupLoadedEditorAssemblies (1304ms)
				LogAssemblyErrors (0ms)
				InitializePlatformSupportModulesInManaged (11ms)
				SetLoadedEditorAssemblies (1ms)
				RefreshPlugins (2ms)
				BeforeProcessingInitializeOnLoad (253ms)
				ProcessInitializeOnLoadAttributes (1020ms)
				ProcessInitializeOnLoadMethodAttributes (8ms)
				AfterProcessingInitializeOnLoad (9ms)
				EditorAssembliesLoaded (1ms)
			ExecutionOrderSort2 (0ms)
			AwakeInstancesAfterBackupRestoration (17ms)
Platform modules already initialized, skipping
Shader 'Universal Render Pipeline/Particles/Lit': fallback shader 'Universal Render Pipeline/Particles/SimpleLit' not found
Refreshing native plugins compatible for Editor in 2.08 ms, found 2 plugins.
Preloading 0 native plugins for Editor in 0.00 ms.
Unloading 3323 Unused Serialized files (Serialized files now loaded: 0)
System memory in use before: 167.2 MB.
System memory in use after: 165.2 MB.

Unloading 36 unused Assets to reduce memory usage. Loaded Objects now: 3923.
Total: 8.037800 ms (FindLiveObjects: 0.497400 ms CreateObjectMapping: 0.174900 ms MarkObjects: 4.806500 ms  DeleteObjects: 2.555400 ms)

AssetImportParameters requested are different than current active one (requested -> active):
  custom:framework-win-MediaFoundation: 216162199b28c13a410421893ffa2e32 -> 
  custom:video-decoder-ogg-theora: a1e56fd34408186e4bbccfd4996cb3dc -> 
  custom:container-muxer-webm: aa71ff27fc2769a1b78a27578f13a17b -> 
  custom:container-demuxer-webm: 4f35f7cbe854078d1ac9338744f61a02 -> 
  custom:container-demuxer-ogg: 62fdf1f143b41e24485cea50d1cbac27 -> 
  custom:video-encoder-webm-vp8: eb34c28f22e8b96e1ab97ce403110664 -> 
  custom:video-codec-MediaFoundation-h265: 746d11721c4dcdbdad8f713fa42b33f4 -> 
  custom:video-decoder-webm-vp8: 9c59270c3fd7afecdb556c50c9e8de78 -> 
  custom:audio-decoder-ogg-vorbis: bf7c407c2cedff20999df2af8eb42d56 -> 
  custom:audio-encoder-webm-vorbis: bf7c407c2cedff20999df2af8eb42d56 -> 
========================================================================
Received Import Request.
  Time since last request: 114.324596 seconds.
  path: Assets/Prefabs/Fog_wave.prefab
  artifactKey: Guid(3a8bc18ff88ac94479b3502be4eef5e9) Importer(815301076,1909f56bfc062723c751e8b465ee728b)
Start importing Assets/Prefabs/Fog_wave.prefab using Guid(3a8bc18ff88ac94479b3502be4eef5e9) Importer(815301076,1909f56bfc062723c751e8b465ee728b)  -> (artifact id: 'f0ec5a49da69ca607ff6cc2e39433f22') in 0.238390 seconds 
  Import took 0.246050 seconds .

========================================================================
Received Import Request.
  Time since last request: 0.000188 seconds.
  path: Assets/Prefabs/SeatedCanvas.prefab
  artifactKey: Guid(f84269a238a72f94bbded5248a1c39a4) Importer(815301076,1909f56bfc062723c751e8b465ee728b)
Start importing Assets/Prefabs/SeatedCanvas.prefab using Guid(f84269a238a72f94bbded5248a1c39a4) Importer(815301076,1909f56bfc062723c751e8b465ee728b)  -> (artifact id: '5583100f2466a7b6eb3b96fa1c062ed6') in 0.078609 seconds 
  Import took 0.083929 seconds .

========================================================================
Received Import Request.
  Time since last request: 0.000389 seconds.
  path: Assets/Prefabs/wind_cloud.prefab
  artifactKey: Guid(beb44bea32c2f7d488cb6c9f59882b0d) Importer(815301076,1909f56bfc062723c751e8b465ee728b)
Start importing Assets/Prefabs/wind_cloud.prefab using Guid(beb44bea32c2f7d488cb6c9f59882b0d) Importer(815301076,1909f56bfc062723c751e8b465ee728b)  -> (artifact id: 'aab272bd51b7c5baafbb288345a28115') in 0.030301 seconds 
  Import took 0.039759 seconds .

========================================================================
Received Import Request.
  Time since last request: 0.000483 seconds.
  path: Assets/Prefabs/red_light_cloud.prefab
  artifactKey: Guid(322b53f619016a749beb8a3c3bfbd048) Importer(815301076,1909f56bfc062723c751e8b465ee728b)
Start importing Assets/Prefabs/red_light_cloud.prefab using Guid(322b53f619016a749beb8a3c3bfbd048) Importer(815301076,1909f56bfc062723c751e8b465ee728b)  -> (artifact id: 'd9c0a7750a1dbdda368ed39cb387acf9') in 0.036588 seconds 
  Import took 0.043411 seconds .

========================================================================
Received Import Request.
  Time since last request: 37.816513 seconds.
  path: Assets/Scripts
  artifactKey: Guid(02a3527b6b33a924e8ec66aa805ea717) Importer(815301076,1909f56bfc062723c751e8b465ee728b)
Start importing Assets/Scripts using Guid(02a3527b6b33a924e8ec66aa805ea717) Importer(815301076,1909f56bfc062723c751e8b465ee728b)  -> (artifact id: 'f0a913a0049096cde5d6a727232f232f') in 0.003299 seconds 
  Import took 0.009031 seconds .

========================================================================
Received Import Request.
  Time since last request: 12.934562 seconds.
  path: Assets/Scripts/Weather_Interactions
  artifactKey: Guid(2195ac82ca1cf214591cd9310997cbb4) Importer(815301076,1909f56bfc062723c751e8b465ee728b)
Start importing Assets/Scripts/Weather_Interactions using Guid(2195ac82ca1cf214591cd9310997cbb4) Importer(815301076,1909f56bfc062723c751e8b465ee728b)  -> (artifact id: '907a1b97b072c9dd4dad2e20802875e0') in 0.002634 seconds 
  Import took 0.010902 seconds .

========================================================================
Received Import Request.
  Time since last request: 11.675291 seconds.
  path: Assets/Scripts/Weather_Interactions/Fog_Cloud.cs
  artifactKey: Guid(efe0ae20ac74b25499870c70367b138b) Importer(815301076,1909f56bfc062723c751e8b465ee728b)
Start importing Assets/Scripts/Weather_Interactions/Fog_Cloud.cs using Guid(efe0ae20ac74b25499870c70367b138b) Importer(815301076,1909f56bfc062723c751e8b465ee728b)  -> (artifact id: 'ef2e5ed4b1ec2e56e5ce5dcf1773c472') in 0.009008 seconds 
  Import took 0.019220 seconds .

========================================================================
Received Prepare
Registering precompiled user dll's ...
Registered in 0.005576 seconds.
Begin MonoManager ReloadAssembly
Native extension for WindowsStandalone target not found
Refreshing native plugins compatible for Editor in 1.04 ms, found 2 plugins.
Preloading 0 native plugins for Editor in 0.00 ms.
Mono: successfully reloaded assembly
- Completed reload, in  2.012 seconds
Domain Reload Profiling:
	ReloadAssembly (2013ms)
		BeginReloadAssembly (199ms)
			ExecutionOrderSort (0ms)
			DisableScriptedObjects (7ms)
			BackupInstance (0ms)
			ReleaseScriptingObjects (0ms)
			CreateAndSetChildDomain (79ms)
		EndReloadAssembly (1741ms)
			LoadAssemblies (106ms)
			RebuildTransferFunctionScriptingTraits (0ms)
			SetupTypeCache (458ms)
			ReleaseScriptCaches (2ms)
			RebuildScriptCaches (71ms)
			SetupLoadedEditorAssemblies (840ms)
				LogAssemblyErrors (0ms)
				InitializePlatformSupportModulesInManaged (6ms)
				SetLoadedEditorAssemblies (1ms)
				RefreshPlugins (1ms)
				BeforeProcessingInitializeOnLoad (187ms)
				ProcessInitializeOnLoadAttributes (633ms)
				ProcessInitializeOnLoadMethodAttributes (5ms)
				AfterProcessingInitializeOnLoad (5ms)
				EditorAssembliesLoaded (0ms)
			ExecutionOrderSort2 (0ms)
			AwakeInstancesAfterBackupRestoration (18ms)
Platform modules already initialized, skipping
Shader 'Universal Render Pipeline/Particles/Lit': fallback shader 'Universal Render Pipeline/Particles/SimpleLit' not found
Refreshing native plugins compatible for Editor in 0.74 ms, found 2 plugins.
Preloading 0 native plugins for Editor in 0.00 ms.
Unloading 3318 Unused Serialized files (Serialized files now loaded: 0)
System memory in use before: 172.3 MB.
System memory in use after: 170.2 MB.

Unloading 37 unused Assets to reduce memory usage. Loaded Objects now: 3976.
Total: 5.476400 ms (FindLiveObjects: 0.301800 ms CreateObjectMapping: 0.149600 ms MarkObjects: 3.272700 ms  DeleteObjects: 1.751000 ms)

AssetImportParameters requested are different than current active one (requested -> active):
  custom:framework-win-MediaFoundation: 216162199b28c13a410421893ffa2e32 -> 
  custom:video-decoder-ogg-theora: a1e56fd34408186e4bbccfd4996cb3dc -> 
  custom:container-muxer-webm: aa71ff27fc2769a1b78a27578f13a17b -> 
  custom:container-demuxer-webm: 4f35f7cbe854078d1ac9338744f61a02 -> 
  custom:container-demuxer-ogg: 62fdf1f143b41e24485cea50d1cbac27 -> 
  custom:video-encoder-webm-vp8: eb34c28f22e8b96e1ab97ce403110664 -> 
  custom:video-codec-MediaFoundation-h265: 746d11721c4dcdbdad8f713fa42b33f4 -> 
  custom:video-decoder-webm-vp8: 9c59270c3fd7afecdb556c50c9e8de78 -> 
  custom:audio-decoder-ogg-vorbis: bf7c407c2cedff20999df2af8eb42d56 -> 
  custom:audio-encoder-webm-vorbis: bf7c407c2cedff20999df2af8eb42d56 -> 
========================================================================
Received Import Request.
  Time since last request: 126.052619 seconds.
  path: ProjectSettings/TagManager.asset
  artifactKey: Guid(00000000000000003000000000000000) Importer(815301076,1909f56bfc062723c751e8b465ee728b)
Start importing ProjectSettings/TagManager.asset using Guid(00000000000000003000000000000000) Importer(815301076,1909f56bfc062723c751e8b465ee728b)  -> (artifact id: '04217633e95dcecc7d861f068824a265') in 0.018805 seconds 
  Import took 0.025378 seconds .

========================================================================
Received Prepare
Registering precompiled user dll's ...
Registered in 0.003620 seconds.
Begin MonoManager ReloadAssembly
Native extension for WindowsStandalone target not found
Refreshing native plugins compatible for Editor in 0.74 ms, found 2 plugins.
Preloading 0 native plugins for Editor in 0.00 ms.
Mono: successfully reloaded assembly
- Completed reload, in  1.344 seconds
Domain Reload Profiling:
	ReloadAssembly (1344ms)
		BeginReloadAssembly (134ms)
			ExecutionOrderSort (0ms)
			DisableScriptedObjects (4ms)
			BackupInstance (0ms)
			ReleaseScriptingObjects (0ms)
			CreateAndSetChildDomain (50ms)
		EndReloadAssembly (1153ms)
			LoadAssemblies (85ms)
			RebuildTransferFunctionScriptingTraits (0ms)
			SetupTypeCache (321ms)
			ReleaseScriptCaches (2ms)
			RebuildScriptCaches (64ms)
			SetupLoadedEditorAssemblies (567ms)
				LogAssemblyErrors (0ms)
				InitializePlatformSupportModulesInManaged (5ms)
				SetLoadedEditorAssemblies (0ms)
				RefreshPlugins (1ms)
				BeforeProcessingInitializeOnLoad (127ms)
				ProcessInitializeOnLoadAttributes (427ms)
				ProcessInitializeOnLoadMethodAttributes (4ms)
				AfterProcessingInitializeOnLoad (4ms)
				EditorAssembliesLoaded (0ms)
			ExecutionOrderSort2 (0ms)
			AwakeInstancesAfterBackupRestoration (12ms)
Platform modules already initialized, skipping
Shader 'Universal Render Pipeline/Particles/Lit': fallback shader 'Universal Render Pipeline/Particles/SimpleLit' not found
Refreshing native plugins compatible for Editor in 0.64 ms, found 2 plugins.
Preloading 0 native plugins for Editor in 0.00 ms.
Unloading 3318 Unused Serialized files (Serialized files now loaded: 0)
System memory in use before: 172.2 MB.
System memory in use after: 170.3 MB.

Unloading 37 unused Assets to reduce memory usage. Loaded Objects now: 3979.
Total: 5.775900 ms (FindLiveObjects: 0.335400 ms CreateObjectMapping: 0.124200 ms MarkObjects: 3.669100 ms  DeleteObjects: 1.645800 ms)

AssetImportParameters requested are different than current active one (requested -> active):
  custom:framework-win-MediaFoundation: 216162199b28c13a410421893ffa2e32 -> 
  custom:video-decoder-ogg-theora: a1e56fd34408186e4bbccfd4996cb3dc -> 
  custom:container-muxer-webm: aa71ff27fc2769a1b78a27578f13a17b -> 
  custom:container-demuxer-webm: 4f35f7cbe854078d1ac9338744f61a02 -> 
  custom:container-demuxer-ogg: 62fdf1f143b41e24485cea50d1cbac27 -> 
  custom:video-encoder-webm-vp8: eb34c28f22e8b96e1ab97ce403110664 -> 
  custom:video-codec-MediaFoundation-h265: 746d11721c4dcdbdad8f713fa42b33f4 -> 
  custom:video-decoder-webm-vp8: 9c59270c3fd7afecdb556c50c9e8de78 -> 
  custom:audio-decoder-ogg-vorbis: bf7c407c2cedff20999df2af8eb42d56 -> 
  custom:audio-encoder-webm-vorbis: bf7c407c2cedff20999df2af8eb42d56 -> 
========================================================================
Received Import Request.
  Time since last request: 423.490586 seconds.
  path: Assets/Prefabs/Fog_wave.prefab
  artifactKey: Guid(3a8bc18ff88ac94479b3502be4eef5e9) Importer(815301076,1909f56bfc062723c751e8b465ee728b)
Start importing Assets/Prefabs/Fog_wave.prefab using Guid(3a8bc18ff88ac94479b3502be4eef5e9) Importer(815301076,1909f56bfc062723c751e8b465ee728b)  -> (artifact id: 'b338601da9afa865f01bc950b7a28e35') in 0.287197 seconds 
  Import took 0.299390 seconds .

========================================================================
Received Import Request.
  Time since last request: 1.321358 seconds.
  path: Assets/Prefabs/Fog_wave.prefab
  artifactKey: Guid(3a8bc18ff88ac94479b3502be4eef5e9) Importer(815301076,1909f56bfc062723c751e8b465ee728b)
Start importing Assets/Prefabs/Fog_wave.prefab using Guid(3a8bc18ff88ac94479b3502be4eef5e9) Importer(815301076,1909f56bfc062723c751e8b465ee728b)  -> (artifact id: '2a679b3c89f32a0ce69e5a699ebb74bd') in 0.015208 seconds 
  Import took 0.024755 seconds .

========================================================================
Received Import Request.
  Time since last request: 5.084999 seconds.
  path: Assets/Prefabs/red_light_cloud.prefab
  artifactKey: Guid(322b53f619016a749beb8a3c3bfbd048) Importer(815301076,1909f56bfc062723c751e8b465ee728b)
Start importing Assets/Prefabs/red_light_cloud.prefab using Guid(322b53f619016a749beb8a3c3bfbd048) Importer(815301076,1909f56bfc062723c751e8b465ee728b)  -> (artifact id: 'b5898c78da28bfb62179d73973c1fcd6') in 0.016934 seconds 
  Import took 0.029531 seconds .

========================================================================
Received Import Request.
  Time since last request: 2.329192 seconds.
  path: Assets/Prefabs/red_light_cloud.prefab
  artifactKey: Guid(322b53f619016a749beb8a3c3bfbd048) Importer(815301076,1909f56bfc062723c751e8b465ee728b)
Start importing Assets/Prefabs/red_light_cloud.prefab using Guid(322b53f619016a749beb8a3c3bfbd048) Importer(815301076,1909f56bfc062723c751e8b465ee728b)  -> (artifact id: '4dca72830c9523f3d40165aa50de9ca5') in 0.013632 seconds 
  Import took 0.020724 seconds .

========================================================================
Received Import Request.
  Time since last request: 10.483231 seconds.
  path: Assets/Prefabs/wind_cloud.prefab
  artifactKey: Guid(beb44bea32c2f7d488cb6c9f59882b0d) Importer(815301076,1909f56bfc062723c751e8b465ee728b)
Start importing Assets/Prefabs/wind_cloud.prefab using Guid(beb44bea32c2f7d488cb6c9f59882b0d) Importer(815301076,1909f56bfc062723c751e8b465ee728b)  -> (artifact id: 'a133956501d59228ecc21977204cec09') in 0.016261 seconds 
  Import took 0.024137 seconds .

========================================================================
Received Import Request.
  Time since last request: 2.191883 seconds.
  path: Assets/Prefabs/wind_cloud.prefab
  artifactKey: Guid(beb44bea32c2f7d488cb6c9f59882b0d) Importer(815301076,1909f56bfc062723c751e8b465ee728b)
Start importing Assets/Prefabs/wind_cloud.prefab using Guid(beb44bea32c2f7d488cb6c9f59882b0d) Importer(815301076,1909f56bfc062723c751e8b465ee728b)  -> (artifact id: '06cfc3ce4a9a63f48220381b41178328') in 0.014045 seconds 
  Import took 0.021392 seconds .

========================================================================
Received Import Request.
  Time since last request: 17.154004 seconds.
  path: Assets/Prefabs/wind_cloud.prefab
  artifactKey: Guid(beb44bea32c2f7d488cb6c9f59882b0d) Importer(815301076,1909f56bfc062723c751e8b465ee728b)
Start importing Assets/Prefabs/wind_cloud.prefab using Guid(beb44bea32c2f7d488cb6c9f59882b0d) Importer(815301076,1909f56bfc062723c751e8b465ee728b)  -> (artifact id: 'ba9d06ebb83a59d5c67ad40b075d7c22') in 0.014080 seconds 
  Import took 0.022606 seconds .

========================================================================
Received Import Request.
  Time since last request: 22.050501 seconds.
  path: Assets/Prefabs/red_light_cloud.prefab
  artifactKey: Guid(322b53f619016a749beb8a3c3bfbd048) Importer(815301076,1909f56bfc062723c751e8b465ee728b)
Start importing Assets/Prefabs/red_light_cloud.prefab using Guid(322b53f619016a749beb8a3c3bfbd048) Importer(815301076,1909f56bfc062723c751e8b465ee728b)  -> (artifact id: '6a659c4542bd0ad2a62f49781c35a794') in 0.017014 seconds 
  Import took 0.027355 seconds .

========================================================================
Received Import Request.
  Time since last request: 4.230235 seconds.
  path: Assets/Prefabs/red_light_cloud.prefab
  artifactKey: Guid(322b53f619016a749beb8a3c3bfbd048) Importer(815301076,1909f56bfc062723c751e8b465ee728b)
Start importing Assets/Prefabs/red_light_cloud.prefab using Guid(322b53f619016a749beb8a3c3bfbd048) Importer(815301076,1909f56bfc062723c751e8b465ee728b)  -> (artifact id: '08b1856d4e17a4d1f0c6e5e9209fb021') in 0.020469 seconds 
  Import took 0.030876 seconds .

========================================================================
Received Prepare
Registering precompiled user dll's ...
Registered in 0.005516 seconds.
Begin MonoManager ReloadAssembly
Native extension for WindowsStandalone target not found
Refreshing native plugins compatible for Editor in 1.06 ms, found 2 plugins.
Preloading 0 native plugins for Editor in 0.00 ms.
Mono: successfully reloaded assembly
- Completed reload, in  2.197 seconds
Domain Reload Profiling:
	ReloadAssembly (2197ms)
		BeginReloadAssembly (193ms)
			ExecutionOrderSort (0ms)
			DisableScriptedObjects (8ms)
			BackupInstance (0ms)
			ReleaseScriptingObjects (0ms)
			CreateAndSetChildDomain (68ms)
		EndReloadAssembly (1891ms)
			LoadAssemblies (158ms)
			RebuildTransferFunctionScriptingTraits (0ms)
			SetupTypeCache (550ms)
			ReleaseScriptCaches (3ms)
			RebuildScriptCaches (97ms)
			SetupLoadedEditorAssemblies (894ms)
				LogAssemblyErrors (0ms)
				InitializePlatformSupportModulesInManaged (8ms)
				SetLoadedEditorAssemblies (1ms)
				RefreshPlugins (1ms)
				BeforeProcessingInitializeOnLoad (179ms)
				ProcessInitializeOnLoadAttributes (692ms)
				ProcessInitializeOnLoadMethodAttributes (6ms)
				AfterProcessingInitializeOnLoad (7ms)
				EditorAssembliesLoaded (0ms)
			ExecutionOrderSort2 (0ms)
			AwakeInstancesAfterBackupRestoration (22ms)
Platform modules already initialized, skipping
Shader 'Universal Render Pipeline/Particles/Lit': fallback shader 'Universal Render Pipeline/Particles/SimpleLit' not found
Refreshing native plugins compatible for Editor in 0.82 ms, found 2 plugins.
Preloading 0 native plugins for Editor in 0.00 ms.
Unloading 3318 Unused Serialized files (Serialized files now loaded: 0)
System memory in use before: 172.5 MB.
System memory in use after: 170.4 MB.

Unloading 36 unused Assets to reduce memory usage. Loaded Objects now: 4018.
Total: 6.299000 ms (FindLiveObjects: 0.637200 ms CreateObjectMapping: 0.292800 ms MarkObjects: 3.256500 ms  DeleteObjects: 2.110800 ms)

AssetImportParameters requested are different than current active one (requested -> active):
  custom:framework-win-MediaFoundation: 216162199b28c13a410421893ffa2e32 -> 
  custom:video-decoder-ogg-theora: a1e56fd34408186e4bbccfd4996cb3dc -> 
  custom:container-muxer-webm: aa71ff27fc2769a1b78a27578f13a17b -> 
  custom:container-demuxer-webm: 4f35f7cbe854078d1ac9338744f61a02 -> 
  custom:container-demuxer-ogg: 62fdf1f143b41e24485cea50d1cbac27 -> 
  custom:video-encoder-webm-vp8: eb34c28f22e8b96e1ab97ce403110664 -> 
  custom:video-codec-MediaFoundation-h265: 746d11721c4dcdbdad8f713fa42b33f4 -> 
  custom:video-decoder-webm-vp8: 9c59270c3fd7afecdb556c50c9e8de78 -> 
  custom:audio-decoder-ogg-vorbis: bf7c407c2cedff20999df2af8eb42d56 -> 
  custom:audio-encoder-webm-vorbis: bf7c407c2cedff20999df2af8eb42d56 -> 
========================================================================
Received Import Request.
  Time since last request: 34.500306 seconds.
  path: Assets/Scripts/Weather_Interactions/Fog_Cloud.cs
  artifactKey: Guid(efe0ae20ac74b25499870c70367b138b) Importer(815301076,1909f56bfc062723c751e8b465ee728b)
Start importing Assets/Scripts/Weather_Interactions/Fog_Cloud.cs using Guid(efe0ae20ac74b25499870c70367b138b) Importer(815301076,1909f56bfc062723c751e8b465ee728b)  -> (artifact id: '0b868756d48db1676e674ddba4549fb3') in 0.006194 seconds 
  Import took 0.012149 seconds .

========================================================================
Received Import Request.
  Time since last request: 0.000244 seconds.
  path: Assets/Prefabs/wind_cloud.prefab
  artifactKey: Guid(beb44bea32c2f7d488cb6c9f59882b0d) Importer(815301076,1909f56bfc062723c751e8b465ee728b)
Start importing Assets/Prefabs/wind_cloud.prefab using Guid(beb44bea32c2f7d488cb6c9f59882b0d) Importer(815301076,1909f56bfc062723c751e8b465ee728b)  -> (artifact id: 'aa61870a3ad34d4161087a408f6f80f6') in 0.179351 seconds 
  Import took 0.185217 seconds .

========================================================================
Received Import Request.
  Time since last request: 0.000246 seconds.
  path: Assets/Prefabs/red_light_cloud.prefab
  artifactKey: Guid(322b53f619016a749beb8a3c3bfbd048) Importer(815301076,1909f56bfc062723c751e8b465ee728b)
Start importing Assets/Prefabs/red_light_cloud.prefab using Guid(322b53f619016a749beb8a3c3bfbd048) Importer(815301076,1909f56bfc062723c751e8b465ee728b)  -> (artifact id: '345ede3d4a052d6c1c71390653232563') in 0.019620 seconds 
  Import took 0.026863 seconds .

========================================================================
Received Import Request.
  Time since last request: 0.000330 seconds.
  path: Assets/Prefabs/Fog_wave.prefab
  artifactKey: Guid(3a8bc18ff88ac94479b3502be4eef5e9) Importer(815301076,1909f56bfc062723c751e8b465ee728b)
Start importing Assets/Prefabs/Fog_wave.prefab using Guid(3a8bc18ff88ac94479b3502be4eef5e9) Importer(815301076,1909f56bfc062723c751e8b465ee728b)  -> (artifact id: '2926ec988275a770340f25df5c86ea24') in 0.027913 seconds 
  Import took 0.037796 seconds .

========================================================================
Received Import Request.
  Time since last request: 6.190128 seconds.
  path: Assets/Scripts/Weather_Interactions/Weather_Impact.cs
  artifactKey: Guid(efe0ae20ac74b25499870c70367b138b) Importer(815301076,1909f56bfc062723c751e8b465ee728b)
Start importing Assets/Scripts/Weather_Interactions/Weather_Impact.cs using Guid(efe0ae20ac74b25499870c70367b138b) Importer(815301076,1909f56bfc062723c751e8b465ee728b)  -> (artifact id: '0bfa10119bbf278fe6dafe5fadee0682') in 0.004154 seconds 
  Import took 0.013566 seconds .

========================================================================
Received Prepare
Registering precompiled user dll's ...
Registered in 0.004455 seconds.
Begin MonoManager ReloadAssembly
Native extension for WindowsStandalone target not found
Refreshing native plugins compatible for Editor in 1.74 ms, found 2 plugins.
Preloading 0 native plugins for Editor in 0.00 ms.
Mono: successfully reloaded assembly
- Completed reload, in  2.263 seconds
Domain Reload Profiling:
	ReloadAssembly (2264ms)
		BeginReloadAssembly (190ms)
			ExecutionOrderSort (0ms)
			DisableScriptedObjects (11ms)
			BackupInstance (0ms)
			ReleaseScriptingObjects (0ms)
			CreateAndSetChildDomain (73ms)
		EndReloadAssembly (1987ms)
			LoadAssemblies (132ms)
			RebuildTransferFunctionScriptingTraits (0ms)
			SetupTypeCache (576ms)
			ReleaseScriptCaches (3ms)
			RebuildScriptCaches (109ms)
			SetupLoadedEditorAssemblies (926ms)
				LogAssemblyErrors (0ms)
				InitializePlatformSupportModulesInManaged (8ms)
				SetLoadedEditorAssemblies (1ms)
				RefreshPlugins (2ms)
				BeforeProcessingInitializeOnLoad (202ms)
				ProcessInitializeOnLoadAttributes (701ms)
				ProcessInitializeOnLoadMethodAttributes (6ms)
				AfterProcessingInitializeOnLoad (6ms)
				EditorAssembliesLoaded (1ms)
			ExecutionOrderSort2 (0ms)
			AwakeInstancesAfterBackupRestoration (25ms)
Platform modules already initialized, skipping
Shader 'Universal Render Pipeline/Particles/Lit': fallback shader 'Universal Render Pipeline/Particles/SimpleLit' not found
Refreshing native plugins compatible for Editor in 0.81 ms, found 2 plugins.
Preloading 0 native plugins for Editor in 0.00 ms.
Unloading 3318 Unused Serialized files (Serialized files now loaded: 0)
System memory in use before: 172.5 MB.
System memory in use after: 170.6 MB.

Unloading 36 unused Assets to reduce memory usage. Loaded Objects now: 4057.
Total: 6.230200 ms (FindLiveObjects: 0.332200 ms CreateObjectMapping: 0.161600 ms MarkObjects: 3.762100 ms  DeleteObjects: 1.972800 ms)

AssetImportParameters requested are different than current active one (requested -> active):
  custom:framework-win-MediaFoundation: 216162199b28c13a410421893ffa2e32 -> 
  custom:video-decoder-ogg-theora: a1e56fd34408186e4bbccfd4996cb3dc -> 
  custom:container-muxer-webm: aa71ff27fc2769a1b78a27578f13a17b -> 
  custom:container-demuxer-webm: 4f35f7cbe854078d1ac9338744f61a02 -> 
  custom:container-demuxer-ogg: 62fdf1f143b41e24485cea50d1cbac27 -> 
  custom:video-encoder-webm-vp8: eb34c28f22e8b96e1ab97ce403110664 -> 
  custom:video-codec-MediaFoundation-h265: 746d11721c4dcdbdad8f713fa42b33f4 -> 
  custom:video-decoder-webm-vp8: 9c59270c3fd7afecdb556c50c9e8de78 -> 
  custom:audio-decoder-ogg-vorbis: bf7c407c2cedff20999df2af8eb42d56 -> 
  custom:audio-encoder-webm-vorbis: bf7c407c2cedff20999df2af8eb42d56 -> 
========================================================================
Received Prepare
Registering precompiled user dll's ...
Registered in 0.007083 seconds.
Begin MonoManager ReloadAssembly
Native extension for WindowsStandalone target not found
Refreshing native plugins compatible for Editor in 0.74 ms, found 2 plugins.
Preloading 0 native plugins for Editor in 0.00 ms.
Mono: successfully reloaded assembly
- Completed reload, in  1.410 seconds
Domain Reload Profiling:
	ReloadAssembly (1412ms)
		BeginReloadAssembly (182ms)
			ExecutionOrderSort (0ms)
			DisableScriptedObjects (7ms)
			BackupInstance (0ms)
			ReleaseScriptingObjects (0ms)
			CreateAndSetChildDomain (72ms)
		EndReloadAssembly (1167ms)
			LoadAssemblies (89ms)
			RebuildTransferFunctionScriptingTraits (0ms)
			SetupTypeCache (334ms)
			ReleaseScriptCaches (2ms)
			RebuildScriptCaches (61ms)
			SetupLoadedEditorAssemblies (549ms)
				LogAssemblyErrors (0ms)
				InitializePlatformSupportModulesInManaged (5ms)
				SetLoadedEditorAssemblies (0ms)
				RefreshPlugins (1ms)
				BeforeProcessingInitializeOnLoad (122ms)
				ProcessInitializeOnLoadAttributes (413ms)
				ProcessInitializeOnLoadMethodAttributes (3ms)
				AfterProcessingInitializeOnLoad (4ms)
				EditorAssembliesLoaded (0ms)
			ExecutionOrderSort2 (0ms)
			AwakeInstancesAfterBackupRestoration (14ms)
Platform modules already initialized, skipping
Shader 'Universal Render Pipeline/Particles/Lit': fallback shader 'Universal Render Pipeline/Particles/SimpleLit' not found
Refreshing native plugins compatible for Editor in 0.77 ms, found 2 plugins.
Preloading 0 native plugins for Editor in 0.00 ms.
Unloading 3318 Unused Serialized files (Serialized files now loaded: 0)
System memory in use before: 172.6 MB.
System memory in use after: 170.6 MB.

Unloading 36 unused Assets to reduce memory usage. Loaded Objects now: 4060.
Total: 5.763600 ms (FindLiveObjects: 0.607300 ms CreateObjectMapping: 0.192200 ms MarkObjects: 3.222600 ms  DeleteObjects: 1.738900 ms)

AssetImportParameters requested are different than current active one (requested -> active):
  custom:framework-win-MediaFoundation: 216162199b28c13a410421893ffa2e32 -> 
  custom:video-decoder-ogg-theora: a1e56fd34408186e4bbccfd4996cb3dc -> 
  custom:container-muxer-webm: aa71ff27fc2769a1b78a27578f13a17b -> 
  custom:container-demuxer-webm: 4f35f7cbe854078d1ac9338744f61a02 -> 
  custom:container-demuxer-ogg: 62fdf1f143b41e24485cea50d1cbac27 -> 
  custom:video-encoder-webm-vp8: eb34c28f22e8b96e1ab97ce403110664 -> 
  custom:video-codec-MediaFoundation-h265: 746d11721c4dcdbdad8f713fa42b33f4 -> 
  custom:video-decoder-webm-vp8: 9c59270c3fd7afecdb556c50c9e8de78 -> 
  custom:audio-decoder-ogg-vorbis: bf7c407c2cedff20999df2af8eb42d56 -> 
  custom:audio-encoder-webm-vorbis: bf7c407c2cedff20999df2af8eb42d56 -> 
========================================================================
Received Import Request.
  Time since last request: 2397.326762 seconds.
  path: Assets/Sounds/77370__ephemeral-rift__approaching-storm-thunderclap-0809-183204.wav
  artifactKey: Guid(698d24bf85773c241a0d6eb5492fd651) Importer(815301076,1909f56bfc062723c751e8b465ee728b)
Start importing Assets/Sounds/77370__ephemeral-rift__approaching-storm-thunderclap-0809-183204.wav using Guid(698d24bf85773c241a0d6eb5492fd651) Importer(815301076,1909f56bfc062723c751e8b465ee728b)  -> (artifact id: '42801b8bc29a53b81a8f1c50e3761f5c') in 0.058360 seconds 
  Import took 0.063776 seconds .

========================================================================
Received Import Request.
  Time since last request: 8.327236 seconds.
  path: Assets/Sounds/86986__cgeffex__electric-pulse.wav
  artifactKey: Guid(53041fb840690b448ac324715a758fa5) Importer(815301076,1909f56bfc062723c751e8b465ee728b)
Start importing Assets/Sounds/86986__cgeffex__electric-pulse.wav using Guid(53041fb840690b448ac324715a758fa5) Importer(815301076,1909f56bfc062723c751e8b465ee728b)  -> (artifact id: '8052ae3fc74ddfee152ecbac935bf7a4') in 0.022819 seconds 
  Import took 0.029938 seconds .

========================================================================
Received Import Request.
  Time since last request: 0.000365 seconds.
  path: Assets/Sounds/361328__taure__ufo-pulse.wav
  artifactKey: Guid(75a882c4b029a6a4889ecf941ccb13de) Importer(815301076,1909f56bfc062723c751e8b465ee728b)
Start importing Assets/Sounds/361328__taure__ufo-pulse.wav using Guid(75a882c4b029a6a4889ecf941ccb13de) Importer(815301076,1909f56bfc062723c751e8b465ee728b)  -> (artifact id: '7fbb19320d915b53b7123d22af4789ff') in 0.014489 seconds 
  Import took 0.022984 seconds .

========================================================================
Received Import Request.
  Time since last request: 0.000349 seconds.
  path: Assets/Sounds/86986__cgeffex__electric-pulse.wav
  artifactKey: Guid(53041fb840690b448ac324715a758fa5) Importer(815301076,1909f56bfc062723c751e8b465ee728b)
Start importing Assets/Sounds/86986__cgeffex__electric-pulse.wav using Guid(53041fb840690b448ac324715a758fa5) Importer(815301076,1909f56bfc062723c751e8b465ee728b)  -> (artifact id: '8052ae3fc74ddfee152ecbac935bf7a4') in 0.015380 seconds 
  Import took 0.024979 seconds .

========================================================================
Received Import Request.
  Time since last request: 12.062053 seconds.
  path: Assets/Settings/ForwardRenderer.asset
  artifactKey: Guid(4a8e21d5c33334b11b34a596161b9360) Importer(815301076,1909f56bfc062723c751e8b465ee728b)
Start importing Assets/Settings/ForwardRenderer.asset using Guid(4a8e21d5c33334b11b34a596161b9360) Importer(815301076,1909f56bfc062723c751e8b465ee728b)  -> (artifact id: 'a1a1b4a9852dbb3f596f74668f33f6a5') in 0.004025 seconds 
  Import took 0.012141 seconds .

========================================================================
Received Import Request.
  Time since last request: 0.000206 seconds.
  path: Assets/Settings/SampleSceneProfile.asset
  artifactKey: Guid(10fc4df2da32a41aaa32d77bc913491c) Importer(815301076,1909f56bfc062723c751e8b465ee728b)
Start importing Assets/Settings/SampleSceneProfile.asset using Guid(10fc4df2da32a41aaa32d77bc913491c) Importer(815301076,1909f56bfc062723c751e8b465ee728b)  -> (artifact id: 'd2b3f476ab718b1cf20d183dd9addfe7') in 0.004651 seconds 
  Import took 0.011381 seconds .

========================================================================
Received Import Request.
  Time since last request: 0.001642 seconds.
  path: Assets/Settings/UniversalRP-LowQuality.asset
  artifactKey: Guid(a31e9f9f9c9d4b9429ed0d1234e22103) Importer(815301076,1909f56bfc062723c751e8b465ee728b)
Start importing Assets/Settings/UniversalRP-LowQuality.asset using Guid(a31e9f9f9c9d4b9429ed0d1234e22103) Importer(815301076,1909f56bfc062723c751e8b465ee728b)  -> (artifact id: 'b226a0bb157262eadf686f6bb5b5f1f8') in 0.010593 seconds 
  Import took 0.021381 seconds .

========================================================================
Received Import Request.
  Time since last request: 0.000312 seconds.
  path: Assets/Settings/UniversalRP-MediumQuality.asset
  artifactKey: Guid(d847b876476d3d6468f5dfcd34266f96) Importer(815301076,1909f56bfc062723c751e8b465ee728b)
Start importing Assets/Settings/UniversalRP-MediumQuality.asset using Guid(d847b876476d3d6468f5dfcd34266f96) Importer(815301076,1909f56bfc062723c751e8b465ee728b)  -> (artifact id: 'd421f548a6507a11f25ec3578746e9c1') in 0.008062 seconds 
  Import took 0.016283 seconds .

========================================================================
Received Import Request.
  Time since last request: 0.000350 seconds.
  path: Assets/Settings/UniversalRP-HighQuality.asset
  artifactKey: Guid(19ba41d7c0026c3459d37c2fe90c55a0) Importer(815301076,1909f56bfc062723c751e8b465ee728b)
Start importing Assets/Settings/UniversalRP-HighQuality.asset using Guid(19ba41d7c0026c3459d37c2fe90c55a0) Importer(815301076,1909f56bfc062723c751e8b465ee728b)  -> (artifact id: '02e18c1f933b70f494440bf5e7626866') in 0.007380 seconds 
  Import took 0.021521 seconds .

========================================================================
Received Import Request.
  Time since last request: 523.752820 seconds.
  path: Assets/Materials/fog.mat
  artifactKey: Guid(65a7944f04701c0408ffb3bb0e57dd33) Importer(815301076,1909f56bfc062723c751e8b465ee728b)
Start importing Assets/Materials/fog.mat using Guid(65a7944f04701c0408ffb3bb0e57dd33) Importer(815301076,1909f56bfc062723c751e8b465ee728b)  -> (artifact id: 'e547c69cc8fe40ae035417a2f5328724') in 0.147871 seconds 
  Import took 0.154121 seconds .

========================================================================
Received Import Request.
  Time since last request: 58.576161 seconds.
  path: Assets/Prefabs/red_light_cloud.prefab
  artifactKey: Guid(322b53f619016a749beb8a3c3bfbd048) Importer(815301076,1909f56bfc062723c751e8b465ee728b)
Start importing Assets/Prefabs/red_light_cloud.prefab using Guid(322b53f619016a749beb8a3c3bfbd048) Importer(815301076,1909f56bfc062723c751e8b465ee728b)  -> (artifact id: '027575ea387051ecbd1fc5c52beee192') in 0.024288 seconds 
  Import took 0.030542 seconds .

========================================================================
Received Import Request.
  Time since last request: 29.003247 seconds.
  path: Assets/Prefabs/red_light_cloud.prefab
  artifactKey: Guid(322b53f619016a749beb8a3c3bfbd048) Importer(815301076,1909f56bfc062723c751e8b465ee728b)
Start importing Assets/Prefabs/red_light_cloud.prefab using Guid(322b53f619016a749beb8a3c3bfbd048) Importer(815301076,1909f56bfc062723c751e8b465ee728b)  -> (artifact id: '9149efa6a9981377cc6f70126a12d0bc') in 0.016377 seconds 
  Import took 0.025341 seconds .

========================================================================
Received Import Request.
  Time since last request: 3.726255 seconds.
  path: Assets/Sounds/Wind/144083__bosk1__wind-houling-1.wav
  artifactKey: Guid(5c83b8bf55ee13448b8fd83e6b9ca8df) Importer(815301076,1909f56bfc062723c751e8b465ee728b)
Start importing Assets/Sounds/Wind/144083__bosk1__wind-houling-1.wav using Guid(5c83b8bf55ee13448b8fd83e6b9ca8df) Importer(815301076,1909f56bfc062723c751e8b465ee728b)  -> (artifact id: 'd6753d7889351fa31f2c1b86150c1429') in 0.015043 seconds 
  Import took 0.021843 seconds .

========================================================================
Received Import Request.
  Time since last request: 0.000251 seconds.
  path: Assets/Sounds/Wind/413549__inspectorj__ambience-creepy-wind-a.wav
  artifactKey: Guid(dc4745e8d33a4bf49a366c9c8946f5db) Importer(815301076,1909f56bfc062723c751e8b465ee728b)
Start importing Assets/Sounds/Wind/413549__inspectorj__ambience-creepy-wind-a.wav using Guid(dc4745e8d33a4bf49a366c9c8946f5db) Importer(815301076,1909f56bfc062723c751e8b465ee728b)  -> (artifact id: 'd28d92c5c9ca2b189eb3a901761122b4') in 0.014946 seconds 
  Import took 0.023167 seconds .

========================================================================
Received Import Request.
  Time since last request: 0.000636 seconds.
  path: Assets/Sounds/Wind/483479__astounded__wind-blowing-gusting-through-french-castle-tower.wav
  artifactKey: Guid(3239a05edea6b6a4d902b7f388cfe58e) Importer(815301076,1909f56bfc062723c751e8b465ee728b)
Start importing Assets/Sounds/Wind/483479__astounded__wind-blowing-gusting-through-french-castle-tower.wav using Guid(3239a05edea6b6a4d902b7f388cfe58e) Importer(815301076,1909f56bfc062723c751e8b465ee728b)  -> (artifact id: '88db44bd6f21eab5fb40b603e4f6d0da') in 0.015219 seconds 
  Import took 0.023297 seconds .

========================================================================
Received Import Request.
  Time since last request: 0.000327 seconds.
  path: Assets/Sounds/Wind/405561__inspectorj__wind-realistic-a.wav
  artifactKey: Guid(d72afee8ce6a6aa4aa99589073447092) Importer(815301076,1909f56bfc062723c751e8b465ee728b)
Start importing Assets/Sounds/Wind/405561__inspectorj__wind-realistic-a.wav using Guid(d72afee8ce6a6aa4aa99589073447092) Importer(815301076,1909f56bfc062723c751e8b465ee728b)  -> (artifact id: 'c54296342aec8d8dcb874b612ac72c7d') in 0.026997 seconds 
  Import took 0.034180 seconds .

========================================================================
Received Import Request.
  Time since last request: 0.000353 seconds.
  path: Assets/Sounds/Wind/163607__leandros-ntounis__wind-soft-crickets.wav
  artifactKey: Guid(5459640ccacd9f6458f2d6e9d75ad2be) Importer(815301076,1909f56bfc062723c751e8b465ee728b)
Start importing Assets/Sounds/Wind/163607__leandros-ntounis__wind-soft-crickets.wav using Guid(5459640ccacd9f6458f2d6e9d75ad2be) Importer(815301076,1909f56bfc062723c751e8b465ee728b)  -> (artifact id: 'ece9b0092e07e4c0ec13ba3600b4fdf0') in 0.026060 seconds 
  Import took 0.033986 seconds .

========================================================================
Received Import Request.
  Time since last request: 0.000398 seconds.
  path: Assets/Sounds/Wind/244961__patricklieberkind__dark-ambience.wav
  artifactKey: Guid(6e1c640e3d1a8e843b73e887c7956aed) Importer(815301076,1909f56bfc062723c751e8b465ee728b)
Start importing Assets/Sounds/Wind/244961__patricklieberkind__dark-ambience.wav using Guid(6e1c640e3d1a8e843b73e887c7956aed) Importer(815301076,1909f56bfc062723c751e8b465ee728b)  -> (artifact id: 'fac6bbdd2f6bb6137349071bbdc0b8b5') in 0.014091 seconds 
  Import took 0.021092 seconds .

========================================================================
Received Import Request.
  Time since last request: 0.000289 seconds.
  path: Assets/Sounds/Wind/144083__bosk1__wind-houling-1.wav
  artifactKey: Guid(5c83b8bf55ee13448b8fd83e6b9ca8df) Importer(815301076,1909f56bfc062723c751e8b465ee728b)
Start importing Assets/Sounds/Wind/144083__bosk1__wind-houling-1.wav using Guid(5c83b8bf55ee13448b8fd83e6b9ca8df) Importer(815301076,1909f56bfc062723c751e8b465ee728b)  -> (artifact id: 'd6753d7889351fa31f2c1b86150c1429') in 0.016002 seconds 
  Import took 0.025091 seconds .

========================================================================
Received Import Request.
  Time since last request: 0.000625 seconds.
  path: Assets/Sounds/Wind/459977__florianreichelt__soft-wind.mp3
  artifactKey: Guid(adc540772c0dd92499af368c7736583c) Importer(815301076,1909f56bfc062723c751e8b465ee728b)
Start importing Assets/Sounds/Wind/459977__florianreichelt__soft-wind.mp3 using Guid(adc540772c0dd92499af368c7736583c) Importer(815301076,1909f56bfc062723c751e8b465ee728b)  -> (artifact id: 'df0469b09ad4321a12e517cac9530589') in 0.030260 seconds 
  Import took 0.037848 seconds .

========================================================================
Received Import Request.
  Time since last request: 0.000271 seconds.
  path: Assets/Sounds/Wind/540838__szegvari__storm-noise.wav
  artifactKey: Guid(3a8d743ff07108e4ebc1a31f60a2a90c) Importer(815301076,1909f56bfc062723c751e8b465ee728b)
Start importing Assets/Sounds/Wind/540838__szegvari__storm-noise.wav using Guid(3a8d743ff07108e4ebc1a31f60a2a90c) Importer(815301076,1909f56bfc062723c751e8b465ee728b)  -> (artifact id: '423a9ae7276320f72cc82e5625f94993') in 0.013798 seconds 
  Import took 0.021831 seconds .

========================================================================
Received Import Request.
  Time since last request: 0.000691 seconds.
  path: Assets/Sounds/Wind/459977__florianreichelt__soft-wind.mp3
  artifactKey: Guid(adc540772c0dd92499af368c7736583c) Importer(815301076,1909f56bfc062723c751e8b465ee728b)
Start importing Assets/Sounds/Wind/459977__florianreichelt__soft-wind.mp3 using Guid(adc540772c0dd92499af368c7736583c) Importer(815301076,1909f56bfc062723c751e8b465ee728b)  -> (artifact id: 'df0469b09ad4321a12e517cac9530589') in 0.013618 seconds 
  Import took 0.023645 seconds .

========================================================================
Received Import Request.
  Time since last request: 17.202440 seconds.
  path: Assets/Prefabs/red_light_cloud.prefab
  artifactKey: Guid(322b53f619016a749beb8a3c3bfbd048) Importer(815301076,1909f56bfc062723c751e8b465ee728b)
Start importing Assets/Prefabs/red_light_cloud.prefab using Guid(322b53f619016a749beb8a3c3bfbd048) Importer(815301076,1909f56bfc062723c751e8b465ee728b)  -> (artifact id: '71da1185eb5c8df30d44bea08820a38e') in 0.010819 seconds 
  Import took 0.017297 seconds .

========================================================================
Received Import Request.
  Time since last request: 7.464468 seconds.
  path: Assets/Prefabs/red_light_cloud.prefab
  artifactKey: Guid(322b53f619016a749beb8a3c3bfbd048) Importer(815301076,1909f56bfc062723c751e8b465ee728b)
Start importing Assets/Prefabs/red_light_cloud.prefab using Guid(322b53f619016a749beb8a3c3bfbd048) Importer(815301076,1909f56bfc062723c751e8b465ee728b)  -> (artifact id: 'a4a2116397a2dc78d791b7319cb81ba7') in 0.016646 seconds 
  Import took 0.023973 seconds .

========================================================================
Received Import Request.
  Time since last request: 1.995100 seconds.
  path: Assets/Prefabs/red_light_cloud.prefab
  artifactKey: Guid(322b53f619016a749beb8a3c3bfbd048) Importer(815301076,1909f56bfc062723c751e8b465ee728b)
Start importing Assets/Prefabs/red_light_cloud.prefab using Guid(322b53f619016a749beb8a3c3bfbd048) Importer(815301076,1909f56bfc062723c751e8b465ee728b)  -> (artifact id: 'e49467a5b0ba9710dd4895ae90d39f64') in 0.015937 seconds 
  Import took 0.022745 seconds .

========================================================================
Received Import Request.
  Time since last request: 0.969163 seconds.
  path: Assets/Prefabs/red_light_cloud.prefab
  artifactKey: Guid(322b53f619016a749beb8a3c3bfbd048) Importer(815301076,1909f56bfc062723c751e8b465ee728b)
Start importing Assets/Prefabs/red_light_cloud.prefab using Guid(322b53f619016a749beb8a3c3bfbd048) Importer(815301076,1909f56bfc062723c751e8b465ee728b)  -> (artifact id: '457e404d9166da1543d523f4b4f66540') in 0.016081 seconds 
  Import took 0.023995 seconds .

========================================================================
Received Prepare
Registering precompiled user dll's ...
Registered in 0.004659 seconds.
Begin MonoManager ReloadAssembly
Native extension for WindowsStandalone target not found
Refreshing native plugins compatible for Editor in 0.68 ms, found 2 plugins.
Preloading 0 native plugins for Editor in 0.00 ms.
Mono: successfully reloaded assembly
- Completed reload, in  1.407 seconds
Domain Reload Profiling:
	ReloadAssembly (1407ms)
		BeginReloadAssembly (142ms)
			ExecutionOrderSort (0ms)
			DisableScriptedObjects (6ms)
			BackupInstance (0ms)
			ReleaseScriptingObjects (0ms)
			CreateAndSetChildDomain (59ms)
		EndReloadAssembly (1202ms)
			LoadAssemblies (100ms)
			RebuildTransferFunctionScriptingTraits (0ms)
			SetupTypeCache (351ms)
			ReleaseScriptCaches (2ms)
			RebuildScriptCaches (64ms)
			SetupLoadedEditorAssemblies (558ms)
				LogAssemblyErrors (0ms)
				InitializePlatformSupportModulesInManaged (4ms)
				SetLoadedEditorAssemblies (0ms)
				RefreshPlugins (1ms)
				BeforeProcessingInitializeOnLoad (128ms)
				ProcessInitializeOnLoadAttributes (416ms)
				ProcessInitializeOnLoadMethodAttributes (4ms)
				AfterProcessingInitializeOnLoad (4ms)
				EditorAssembliesLoaded (1ms)
			ExecutionOrderSort2 (0ms)
			AwakeInstancesAfterBackupRestoration (15ms)
Platform modules already initialized, skipping
Shader 'Universal Render Pipeline/Particles/Lit': fallback shader 'Universal Render Pipeline/Particles/SimpleLit' not found
Refreshing native plugins compatible for Editor in 0.81 ms, found 2 plugins.
Preloading 0 native plugins for Editor in 0.00 ms.
Unloading 3320 Unused Serialized files (Serialized files now loaded: 0)
System memory in use before: 173.1 MB.
System memory in use after: 171.0 MB.

Unloading 36 unused Assets to reduce memory usage. Loaded Objects now: 4136.
Total: 5.365700 ms (FindLiveObjects: 0.335800 ms CreateObjectMapping: 0.113100 ms MarkObjects: 3.066000 ms  DeleteObjects: 1.849700 ms)

AssetImportParameters requested are different than current active one (requested -> active):
  custom:framework-win-MediaFoundation: 216162199b28c13a410421893ffa2e32 -> 
  custom:video-decoder-ogg-theora: a1e56fd34408186e4bbccfd4996cb3dc -> 
  custom:container-muxer-webm: aa71ff27fc2769a1b78a27578f13a17b -> 
  custom:container-demuxer-webm: 4f35f7cbe854078d1ac9338744f61a02 -> 
  custom:container-demuxer-ogg: 62fdf1f143b41e24485cea50d1cbac27 -> 
  custom:video-encoder-webm-vp8: eb34c28f22e8b96e1ab97ce403110664 -> 
  custom:video-codec-MediaFoundation-h265: 746d11721c4dcdbdad8f713fa42b33f4 -> 
  custom:video-decoder-webm-vp8: 9c59270c3fd7afecdb556c50c9e8de78 -> 
  custom:audio-decoder-ogg-vorbis: bf7c407c2cedff20999df2af8eb42d56 -> 
  custom:audio-encoder-webm-vorbis: bf7c407c2cedff20999df2af8eb42d56 -> 
========================================================================
Received Prepare
Registering precompiled user dll's ...
Registered in 0.007097 seconds.
Begin MonoManager ReloadAssembly
Native extension for WindowsStandalone target not found
Refreshing native plugins compatible for Editor in 1.06 ms, found 2 plugins.
Preloading 0 native plugins for Editor in 0.00 ms.
Mono: successfully reloaded assembly
- Completed reload, in  2.546 seconds
Domain Reload Profiling:
	ReloadAssembly (2547ms)
		BeginReloadAssembly (200ms)
			ExecutionOrderSort (0ms)
			DisableScriptedObjects (10ms)
			BackupInstance (0ms)
			ReleaseScriptingObjects (0ms)
			CreateAndSetChildDomain (65ms)
		EndReloadAssembly (2237ms)
			LoadAssemblies (161ms)
			RebuildTransferFunctionScriptingTraits (0ms)
			SetupTypeCache (626ms)
			ReleaseScriptCaches (3ms)
			RebuildScriptCaches (113ms)
			SetupLoadedEditorAssemblies (1076ms)
				LogAssemblyErrors (0ms)
				InitializePlatformSupportModulesInManaged (10ms)
				SetLoadedEditorAssemblies (1ms)
				RefreshPlugins (1ms)
				BeforeProcessingInitializeOnLoad (221ms)
				ProcessInitializeOnLoadAttributes (828ms)
				ProcessInitializeOnLoadMethodAttributes (7ms)
				AfterProcessingInitializeOnLoad (7ms)
				EditorAssembliesLoaded (1ms)
			ExecutionOrderSort2 (0ms)
			AwakeInstancesAfterBackupRestoration (30ms)
Platform modules already initialized, skipping
Shader 'Universal Render Pipeline/Particles/Lit': fallback shader 'Universal Render Pipeline/Particles/SimpleLit' not found
Refreshing native plugins compatible for Editor in 1.99 ms, found 2 plugins.
Preloading 0 native plugins for Editor in 0.00 ms.
Unloading 3318 Unused Serialized files (Serialized files now loaded: 0)
System memory in use before: 173.1 MB.
System memory in use after: 171.0 MB.

Unloading 36 unused Assets to reduce memory usage. Loaded Objects now: 4139.
Total: 12.332100 ms (FindLiveObjects: 0.903600 ms CreateObjectMapping: 0.395300 ms MarkObjects: 5.808800 ms  DeleteObjects: 5.222000 ms)

AssetImportParameters requested are different than current active one (requested -> active):
  custom:framework-win-MediaFoundation: 216162199b28c13a410421893ffa2e32 -> 
  custom:video-decoder-ogg-theora: a1e56fd34408186e4bbccfd4996cb3dc -> 
  custom:container-muxer-webm: aa71ff27fc2769a1b78a27578f13a17b -> 
  custom:container-demuxer-webm: 4f35f7cbe854078d1ac9338744f61a02 -> 
  custom:container-demuxer-ogg: 62fdf1f143b41e24485cea50d1cbac27 -> 
  custom:video-encoder-webm-vp8: eb34c28f22e8b96e1ab97ce403110664 -> 
  custom:video-codec-MediaFoundation-h265: 746d11721c4dcdbdad8f713fa42b33f4 -> 
  custom:video-decoder-webm-vp8: 9c59270c3fd7afecdb556c50c9e8de78 -> 
  custom:audio-decoder-ogg-vorbis: bf7c407c2cedff20999df2af8eb42d56 -> 
  custom:audio-encoder-webm-vorbis: bf7c407c2cedff20999df2af8eb42d56 -> 
========================================================================
Received Import Request.
  Time since last request: 275.807073 seconds.
  path: ProjectSettings/TagManager.asset
  artifactKey: Guid(00000000000000003000000000000000) Importer(815301076,1909f56bfc062723c751e8b465ee728b)
Start importing ProjectSettings/TagManager.asset using Guid(00000000000000003000000000000000) Importer(815301076,1909f56bfc062723c751e8b465ee728b)  -> (artifact id: '7adb8fa196c00bd44721584faea7a742') in 0.015018 seconds 
  Import took 0.021972 seconds .

========================================================================
Received Import Request.
  Time since last request: 23.548912 seconds.
  path: Assets/Scripts/Weather_Interactions/Weather_Impact.cs
  artifactKey: Guid(efe0ae20ac74b25499870c70367b138b) Importer(815301076,1909f56bfc062723c751e8b465ee728b)
Start importing Assets/Scripts/Weather_Interactions/Weather_Impact.cs using Guid(efe0ae20ac74b25499870c70367b138b) Importer(815301076,1909f56bfc062723c751e8b465ee728b)  -> (artifact id: '2ff85c47b2830c3d141c1916a53f0cb2') in 0.002742 seconds 
  Import took 0.009489 seconds .

========================================================================
Received Import Request.
  Time since last request: 0.000618 seconds.
  path: Assets/Scripts/Weather_Interactions/Weather_Impact.cs
  artifactKey: Guid(efe0ae20ac74b25499870c70367b138b) Importer(815301076,1909f56bfc062723c751e8b465ee728b)
Start importing Assets/Scripts/Weather_Interactions/Weather_Impact.cs using Guid(efe0ae20ac74b25499870c70367b138b) Importer(815301076,1909f56bfc062723c751e8b465ee728b)  -> (artifact id: '2ff85c47b2830c3d141c1916a53f0cb2') in 0.002413 seconds 
  Import took 0.009627 seconds .

========================================================================
Received Import Request.
  Time since last request: 2.679958 seconds.
  path: Assets/Prefabs/red_light_cloud.prefab
  artifactKey: Guid(322b53f619016a749beb8a3c3bfbd048) Importer(815301076,1909f56bfc062723c751e8b465ee728b)
Start importing Assets/Prefabs/red_light_cloud.prefab using Guid(322b53f619016a749beb8a3c3bfbd048) Importer(815301076,1909f56bfc062723c751e8b465ee728b)  -> (artifact id: '5ad310b486ca5009270552c02b160b8f') in 0.127835 seconds 
  Import took 0.134067 seconds .

========================================================================
Received Prepare
Registering precompiled user dll's ...
Registered in 0.005103 seconds.
Begin MonoManager ReloadAssembly
Native extension for WindowsStandalone target not found
Refreshing native plugins compatible for Editor in 0.82 ms, found 2 plugins.
Preloading 0 native plugins for Editor in 0.00 ms.
Mono: successfully reloaded assembly
- Completed reload, in  1.453 seconds
Domain Reload Profiling:
	ReloadAssembly (1453ms)
		BeginReloadAssembly (149ms)
			ExecutionOrderSort (0ms)
			DisableScriptedObjects (7ms)
			BackupInstance (0ms)
			ReleaseScriptingObjects (0ms)
			CreateAndSetChildDomain (46ms)
		EndReloadAssembly (1240ms)
			LoadAssemblies (94ms)
			RebuildTransferFunctionScriptingTraits (0ms)
			SetupTypeCache (336ms)
			ReleaseScriptCaches (2ms)
			RebuildScriptCaches (75ms)
			SetupLoadedEditorAssemblies (594ms)
				LogAssemblyErrors (0ms)
				InitializePlatformSupportModulesInManaged (5ms)
				SetLoadedEditorAssemblies (0ms)
				RefreshPlugins (1ms)
				BeforeProcessingInitializeOnLoad (127ms)
				ProcessInitializeOnLoadAttributes (452ms)
				ProcessInitializeOnLoadMethodAttributes (3ms)
				AfterProcessingInitializeOnLoad (4ms)
				EditorAssembliesLoaded (0ms)
			ExecutionOrderSort2 (0ms)
			AwakeInstancesAfterBackupRestoration (16ms)
Platform modules already initialized, skipping
Shader 'Universal Render Pipeline/Particles/Lit': fallback shader 'Universal Render Pipeline/Particles/SimpleLit' not found
Refreshing native plugins compatible for Editor in 0.82 ms, found 2 plugins.
Preloading 0 native plugins for Editor in 0.00 ms.
Unloading 3318 Unused Serialized files (Serialized files now loaded: 0)
System memory in use before: 173.2 MB.
System memory in use after: 171.2 MB.

Unloading 37 unused Assets to reduce memory usage. Loaded Objects now: 4178.
Total: 6.978500 ms (FindLiveObjects: 0.621600 ms CreateObjectMapping: 0.230000 ms MarkObjects: 4.036500 ms  DeleteObjects: 2.087500 ms)

AssetImportParameters requested are different than current active one (requested -> active):
  custom:framework-win-MediaFoundation: 216162199b28c13a410421893ffa2e32 -> 
  custom:video-decoder-ogg-theora: a1e56fd34408186e4bbccfd4996cb3dc -> 
  custom:container-muxer-webm: aa71ff27fc2769a1b78a27578f13a17b -> 
  custom:container-demuxer-webm: 4f35f7cbe854078d1ac9338744f61a02 -> 
  custom:container-demuxer-ogg: 62fdf1f143b41e24485cea50d1cbac27 -> 
  custom:video-encoder-webm-vp8: eb34c28f22e8b96e1ab97ce403110664 -> 
  custom:video-codec-MediaFoundation-h265: 746d11721c4dcdbdad8f713fa42b33f4 -> 
  custom:video-decoder-webm-vp8: 9c59270c3fd7afecdb556c50c9e8de78 -> 
  custom:audio-decoder-ogg-vorbis: bf7c407c2cedff20999df2af8eb42d56 -> 
  custom:audio-encoder-webm-vorbis: bf7c407c2cedff20999df2af8eb42d56 -> 
========================================================================
Received Prepare
Registering precompiled user dll's ...
Registered in 0.009319 seconds.
Begin MonoManager ReloadAssembly
Native extension for WindowsStandalone target not found
Refreshing native plugins compatible for Editor in 2.05 ms, found 2 plugins.
Preloading 0 native plugins for Editor in 0.00 ms.
Mono: successfully reloaded assembly
- Completed reload, in  3.500 seconds
Domain Reload Profiling:
	ReloadAssembly (3501ms)
		BeginReloadAssembly (236ms)
			ExecutionOrderSort (0ms)
			DisableScriptedObjects (10ms)
			BackupInstance (0ms)
			ReleaseScriptingObjects (0ms)
			CreateAndSetChildDomain (77ms)
		EndReloadAssembly (3138ms)
			LoadAssemblies (194ms)
			RebuildTransferFunctionScriptingTraits (0ms)
			SetupTypeCache (737ms)
			ReleaseScriptCaches (5ms)
			RebuildScriptCaches (136ms)
			SetupLoadedEditorAssemblies (1764ms)
				LogAssemblyErrors (0ms)
				InitializePlatformSupportModulesInManaged (10ms)
				SetLoadedEditorAssemblies (1ms)
				RefreshPlugins (2ms)
				BeforeProcessingInitializeOnLoad (254ms)
				ProcessInitializeOnLoadAttributes (1477ms)
				ProcessInitializeOnLoadMethodAttributes (10ms)
				AfterProcessingInitializeOnLoad (10ms)
				EditorAssembliesLoaded (0ms)
			ExecutionOrderSort2 (0ms)
			AwakeInstancesAfterBackupRestoration (39ms)
Platform modules already initialized, skipping
Shader 'Universal Render Pipeline/Particles/Lit': fallback shader 'Universal Render Pipeline/Particles/SimpleLit' not found
Refreshing native plugins compatible for Editor in 3.75 ms, found 2 plugins.
Preloading 0 native plugins for Editor in 0.00 ms.
Unloading 3318 Unused Serialized files (Serialized files now loaded: 0)
System memory in use before: 173.2 MB.
System memory in use after: 171.2 MB.

Unloading 36 unused Assets to reduce memory usage. Loaded Objects now: 4181.
Total: 18.398100 ms (FindLiveObjects: 0.605300 ms CreateObjectMapping: 0.568900 ms MarkObjects: 12.853700 ms  DeleteObjects: 4.367400 ms)

AssetImportParameters requested are different than current active one (requested -> active):
  custom:framework-win-MediaFoundation: 216162199b28c13a410421893ffa2e32 -> 
  custom:video-decoder-ogg-theora: a1e56fd34408186e4bbccfd4996cb3dc -> 
  custom:container-muxer-webm: aa71ff27fc2769a1b78a27578f13a17b -> 
  custom:container-demuxer-webm: 4f35f7cbe854078d1ac9338744f61a02 -> 
  custom:container-demuxer-ogg: 62fdf1f143b41e24485cea50d1cbac27 -> 
  custom:video-encoder-webm-vp8: eb34c28f22e8b96e1ab97ce403110664 -> 
  custom:video-codec-MediaFoundation-h265: 746d11721c4dcdbdad8f713fa42b33f4 -> 
  custom:video-decoder-webm-vp8: 9c59270c3fd7afecdb556c50c9e8de78 -> 
  custom:audio-decoder-ogg-vorbis: bf7c407c2cedff20999df2af8eb42d56 -> 
  custom:audio-encoder-webm-vorbis: bf7c407c2cedff20999df2af8eb42d56 -> 
========================================================================
Received Prepare
Registering precompiled user dll's ...
Registered in 0.003859 seconds.
Begin MonoManager ReloadAssembly
Native extension for WindowsStandalone target not found
Refreshing native plugins compatible for Editor in 0.65 ms, found 2 plugins.
Preloading 0 native plugins for Editor in 0.00 ms.
Mono: successfully reloaded assembly
- Completed reload, in  1.307 seconds
Domain Reload Profiling:
	ReloadAssembly (1307ms)
		BeginReloadAssembly (107ms)
			ExecutionOrderSort (0ms)
			DisableScriptedObjects (4ms)
			BackupInstance (0ms)
			ReleaseScriptingObjects (0ms)
			CreateAndSetChildDomain (35ms)
		EndReloadAssembly (1134ms)
			LoadAssemblies (80ms)
			RebuildTransferFunctionScriptingTraits (0ms)
			SetupTypeCache (312ms)
			ReleaseScriptCaches (2ms)
			RebuildScriptCaches (64ms)
			SetupLoadedEditorAssemblies (539ms)
				LogAssemblyErrors (0ms)
				InitializePlatformSupportModulesInManaged (5ms)
				SetLoadedEditorAssemblies (0ms)
				RefreshPlugins (1ms)
				BeforeProcessingInitializeOnLoad (112ms)
				ProcessInitializeOnLoadAttributes (412ms)
				ProcessInitializeOnLoadMethodAttributes (4ms)
				AfterProcessingInitializeOnLoad (4ms)
				EditorAssembliesLoaded (0ms)
			ExecutionOrderSort2 (0ms)
			AwakeInstancesAfterBackupRestoration (15ms)
Platform modules already initialized, skipping
Shader 'Universal Render Pipeline/Particles/Lit': fallback shader 'Universal Render Pipeline/Particles/SimpleLit' not found
Refreshing native plugins compatible for Editor in 0.74 ms, found 2 plugins.
Preloading 0 native plugins for Editor in 0.00 ms.
Unloading 3318 Unused Serialized files (Serialized files now loaded: 0)
System memory in use before: 173.2 MB.
System memory in use after: 171.2 MB.

Unloading 36 unused Assets to reduce memory usage. Loaded Objects now: 4184.
Total: 6.280300 ms (FindLiveObjects: 0.404500 ms CreateObjectMapping: 0.152700 ms MarkObjects: 3.819400 ms  DeleteObjects: 1.901900 ms)

AssetImportParameters requested are different than current active one (requested -> active):
  custom:framework-win-MediaFoundation: 216162199b28c13a410421893ffa2e32 -> 
  custom:video-decoder-ogg-theora: a1e56fd34408186e4bbccfd4996cb3dc -> 
  custom:container-muxer-webm: aa71ff27fc2769a1b78a27578f13a17b -> 
  custom:container-demuxer-webm: 4f35f7cbe854078d1ac9338744f61a02 -> 
  custom:container-demuxer-ogg: 62fdf1f143b41e24485cea50d1cbac27 -> 
  custom:video-encoder-webm-vp8: eb34c28f22e8b96e1ab97ce403110664 -> 
  custom:video-codec-MediaFoundation-h265: 746d11721c4dcdbdad8f713fa42b33f4 -> 
  custom:video-decoder-webm-vp8: 9c59270c3fd7afecdb556c50c9e8de78 -> 
  custom:audio-decoder-ogg-vorbis: bf7c407c2cedff20999df2af8eb42d56 -> 
  custom:audio-encoder-webm-vorbis: bf7c407c2cedff20999df2af8eb42d56 -> 
AssetImportWorkerClient::OnTransportError - code=2 error=End of file
